Using pre-set license
Built from '2020.3/staging' branch; Version is '2020.3.3f1 (76626098c1c4) revision 7758432'; Using compiler version '192528614'; Build Type 'Release'
OS: 'Windows 10 Enterprise; OS build 19042.1348; Version 2009; 64bit' Language: 'en' Physical Memory: 16336 MB
BatchMode: 1, IsHumanControllingUs: 0, StartBugReporterOnCrash: 0, Is64bit: 1, IsPro: 0

 COMMAND LINE ARGUMENTS:
C:\Program Files\Unity\Hub\Editor\2020.3.3f1\Editor\Unity.exe
-adb2
-batchMode
-noUpm
-name
AssetImportWorker0
-projectPath
C:/Users/Santiago/Downloads/WatchMakers-main/WatchMakers-main/WatchMakers
-logFile
Logs/AssetImportWorker0.log
-srvPort
53266
Successfully changed project path to: C:/Users/Santiago/Downloads/WatchMakers-main/WatchMakers-main/WatchMakers
C:/Users/Santiago/Downloads/WatchMakers-main/WatchMakers-main/WatchMakers
Using Asset Import Pipeline V2.
Refreshing native plugins compatible for Editor in 69.28 ms, found 3 plugins.
Preloading 0 native plugins for Editor in 0.00 ms.
Initialize engine version: 2020.3.3f1 (76626098c1c4)
[Subsystems] Discovering subsystems at path C:/Program Files/Unity/Hub/Editor/2020.3.3f1/Editor/Data/Resources/UnitySubsystems
[Subsystems] Discovering subsystems at path C:/Users/Santiago/Downloads/WatchMakers-main/WatchMakers-main/WatchMakers/Assets
GfxDevice: creating device client; threaded=0
Direct3D:
    Version:  Direct3D 11.0 [level 11.1]
    Renderer: NVIDIA GeForce GTX 1060 3GB (ID=0x1c02)
    Vendor:   
    VRAM:     2988 MB
    Driver:   27.21.14.6140
Initialize mono
Mono path[0] = 'C:/Program Files/Unity/Hub/Editor/2020.3.3f1/Editor/Data/Managed'
Mono path[1] = 'C:/Program Files/Unity/Hub/Editor/2020.3.3f1/Editor/Data/MonoBleedingEdge/lib/mono/unityjit'
Mono config path = 'C:/Program Files/Unity/Hub/Editor/2020.3.3f1/Editor/Data/MonoBleedingEdge/etc'
Using monoOptions --debugger-agent=transport=dt_socket,embedding=1,server=y,suspend=n,address=127.0.0.1:56172
Begin MonoManager ReloadAssembly
Registering precompiled unity dll's ...
Register platform support module: C:/Program Files/Unity/Hub/Editor/2020.3.3f1/Editor/Data/PlaybackEngines/WindowsStandaloneSupport/UnityEditor.WindowsStandalone.Extensions.dll
Registered in 0.004025 seconds.
Native extension for WindowsStandalone target not found
Refreshing native plugins compatible for Editor in 73.82 ms, found 3 plugins.
Preloading 0 native plugins for Editor in 0.00 ms.
Invoked RoslynAnalysisRunner static constructor.
RoslynAnalysisRunner will not be running.
RoslynAnalysisRunner has terminated.
Mono: successfully reloaded assembly
- Completed reload, in  1.841 seconds
Platform modules already initialized, skipping
Registering precompiled user dll's ...
Registered in 0.009713 seconds.
Begin MonoManager ReloadAssembly
Native extension for WindowsStandalone target not found
Refreshing native plugins compatible for Editor in 63.50 ms, found 3 plugins.
Preloading 0 native plugins for Editor in 0.00 ms.
Invoked RoslynAnalysisRunner static constructor.
RoslynAnalysisRunner will not be running.
RoslynAnalysisRunner has terminated.
Mono: successfully reloaded assembly
- Completed reload, in  1.694 seconds
Platform modules already initialized, skipping
========================================================================
Worker process is ready to serve import requests
Launched and connected shader compiler UnityShaderCompiler.exe after 0.06 seconds
Refreshing native plugins compatible for Editor in 0.59 ms, found 3 plugins.
Preloading 0 native plugins for Editor in 0.00 ms.
Unloading 2187 Unused Serialized files (Serialized files now loaded: 0)
System memory in use before: 95.6 MB.
System memory in use after: 95.7 MB.

Unloading 27 unused Assets to reduce memory usage. Loaded Objects now: 2622.
Total: 3.137200 ms (FindLiveObjects: 0.275200 ms CreateObjectMapping: 0.104100 ms MarkObjects: 2.688700 ms  DeleteObjects: 0.067600 ms)

========================================================================
Received Import Request.
  path: Assets/Scenes 1/Puzzle1.unity
  artifactKey: Guid(d1590adffbb70ab49b4e480d300285c1) Importer(815301076,1909f56bfc062723c751e8b465ee728b)
Start importing Assets/Scenes 1/Puzzle1.unity using Guid(d1590adffbb70ab49b4e480d300285c1) Importer(815301076,1909f56bfc062723c751e8b465ee728b)  -> (artifact id: 'ed8989558cce5fcd429812cd66c93d53') in 0.020509 seconds
  Import took 0.025096 seconds .

========================================================================
Received Import Request.
  Time since last request: 46.691738 seconds.
  path: Assets/Scripts/button.cs
  artifactKey: Guid(cff7b772e649f324e880d819992ee938) Importer(815301076,1909f56bfc062723c751e8b465ee728b)
Start importing Assets/Scripts/button.cs using Guid(cff7b772e649f324e880d819992ee938) Importer(815301076,1909f56bfc062723c751e8b465ee728b)  -> (artifact id: '24b97f8235067af010d08753e324d066') in 0.060276 seconds
  Import took 0.068479 seconds .

========================================================================
Received Import Request.
  Time since last request: 3.189603 seconds.
  path: Assets/Scripts/GameScript.cs
  artifactKey: Guid(a202401d9e63659479d858a507dd86e5) Importer(815301076,1909f56bfc062723c751e8b465ee728b)
Start importing Assets/Scripts/GameScript.cs using Guid(a202401d9e63659479d858a507dd86e5) Importer(815301076,1909f56bfc062723c751e8b465ee728b)  -> (artifact id: '4db550a9a8a719d63dc62c86452d125e') in 0.010931 seconds
  Import took 0.015710 seconds .

========================================================================
Received Import Request.
  Time since last request: 4.912441 seconds.
  path: Assets/Scripts/juego.cs
  artifactKey: Guid(2b7bc883c0390a748ad86a6f9cbfbc84) Importer(815301076,1909f56bfc062723c751e8b465ee728b)
Start importing Assets/Scripts/juego.cs using Guid(2b7bc883c0390a748ad86a6f9cbfbc84) Importer(815301076,1909f56bfc062723c751e8b465ee728b)  -> (artifact id: 'b75835610b723208e6e0e39fd8b1ef83') in 0.008153 seconds
  Import took 0.012697 seconds .

========================================================================
Received Import Request.
  Time since last request: 0.026908 seconds.
  path: Assets/Scripts/juego.cs
  artifactKey: Guid(2b7bc883c0390a748ad86a6f9cbfbc84) Importer(815301076,1909f56bfc062723c751e8b465ee728b)
Start importing Assets/Scripts/juego.cs using Guid(2b7bc883c0390a748ad86a6f9cbfbc84) Importer(815301076,1909f56bfc062723c751e8b465ee728b)  -> (artifact id: 'b75835610b723208e6e0e39fd8b1ef83') in 0.004213 seconds
  Import took 0.011047 seconds .

========================================================================
Received Prepare
Registering precompiled user dll's ...
Registered in 0.009002 seconds.
Begin MonoManager ReloadAssembly
Native extension for WindowsStandalone target not found
Refreshing native plugins compatible for Editor in 0.71 ms, found 3 plugins.
Preloading 0 native plugins for Editor in 0.00 ms.
Invoked RoslynAnalysisRunner static constructor.
RoslynAnalysisRunner will not be running.
RoslynAnalysisRunner has terminated.
Mono: successfully reloaded assembly
- Completed reload, in  1.569 seconds
Platform modules already initialized, skipping
Refreshing native plugins compatible for Editor in 0.77 ms, found 3 plugins.
Preloading 0 native plugins for Editor in 0.00 ms.
Unloading 2176 Unused Serialized files (Serialized files now loaded: 0)
System memory in use before: 95.0 MB.
System memory in use after: 95.1 MB.

Unloading 17 unused Assets to reduce memory usage. Loaded Objects now: 2624.
Total: 7.281100 ms (FindLiveObjects: 0.649400 ms CreateObjectMapping: 0.169700 ms MarkObjects: 6.414700 ms  DeleteObjects: 0.045200 ms)

========================================================================
Received Prepare
Registering precompiled user dll's ...
Registered in 0.017442 seconds.
Begin MonoManager ReloadAssembly
Native extension for WindowsStandalone target not found
Refreshing native plugins compatible for Editor in 1.18 ms, found 3 plugins.
Preloading 0 native plugins for Editor in 0.00 ms.
Invoked RoslynAnalysisRunner static constructor.
RoslynAnalysisRunner will not be running.
RoslynAnalysisRunner has terminated.
Mono: successfully reloaded assembly
- Completed reload, in  4.077 seconds
Platform modules already initialized, skipping
Refreshing native plugins compatible for Editor in 0.68 ms, found 3 plugins.
Preloading 0 native plugins for Editor in 0.00 ms.
Unloading 2176 Unused Serialized files (Serialized files now loaded: 0)
System memory in use before: 95.1 MB.
System memory in use after: 95.2 MB.

Unloading 17 unused Assets to reduce memory usage. Loaded Objects now: 2626.
Total: 3.597700 ms (FindLiveObjects: 0.273500 ms CreateObjectMapping: 0.134500 ms MarkObjects: 3.164900 ms  DeleteObjects: 0.023700 ms)

========================================================================
Received Import Request.
  Time since last request: 716.630416 seconds.
  path: Assets/Scripts/menu.cs
  artifactKey: Guid(78210c475c1abc54bacd6a6c0df6aace) Importer(815301076,1909f56bfc062723c751e8b465ee728b)
Start importing Assets/Scripts/menu.cs using Guid(78210c475c1abc54bacd6a6c0df6aace) Importer(815301076,1909f56bfc062723c751e8b465ee728b)  -> (artifact id: 'a44e255e98bb18640410c59d3e2aa6c8') in 0.042401 seconds
  Import took 0.056959 seconds .

========================================================================
Received Import Request.
  Time since last request: 0.964157 seconds.
  path: Assets/Scripts/pieza.cs
  artifactKey: Guid(93c6e450af0044c409081f004c1f1897) Importer(815301076,1909f56bfc062723c751e8b465ee728b)
Start importing Assets/Scripts/pieza.cs using Guid(93c6e450af0044c409081f004c1f1897) Importer(815301076,1909f56bfc062723c751e8b465ee728b)  -> (artifact id: 'b78f0c70363dad0e5e801ba916e64fe0') in 0.013348 seconds
  Import took 0.025990 seconds .

========================================================================
Received Prepare
Registering precompiled user dll's ...
Registered in 0.008958 seconds.
Begin MonoManager ReloadAssembly
Native extension for WindowsStandalone target not found
Refreshing native plugins compatible for Editor in 0.64 ms, found 3 plugins.
Preloading 0 native plugins for Editor in 0.00 ms.
Invoked RoslynAnalysisRunner static constructor.
RoslynAnalysisRunner will not be running.
RoslynAnalysisRunner has terminated.
Mono: successfully reloaded assembly
- Completed reload, in  1.900 seconds
Platform modules already initialized, skipping
Refreshing native plugins compatible for Editor in 0.63 ms, found 3 plugins.
Preloading 0 native plugins for Editor in 0.00 ms.
Unloading 2176 Unused Serialized files (Serialized files now loaded: 0)
System memory in use before: 95.1 MB.
System memory in use after: 95.2 MB.

Unloading 17 unused Assets to reduce memory usage. Loaded Objects now: 2628.
Total: 8.316400 ms (FindLiveObjects: 1.118400 ms CreateObjectMapping: 0.710300 ms MarkObjects: 6.422900 ms  DeleteObjects: 0.062500 ms)

========================================================================
Received Prepare
Registering precompiled user dll's ...
Registered in 0.009575 seconds.
Begin MonoManager ReloadAssembly
Native extension for WindowsStandalone target not found
Refreshing native plugins compatible for Editor in 0.61 ms, found 3 plugins.
Preloading 0 native plugins for Editor in 0.00 ms.
Invoked RoslynAnalysisRunner static constructor.
RoslynAnalysisRunner will not be running.
RoslynAnalysisRunner has terminated.
Mono: successfully reloaded assembly
- Completed reload, in  1.625 seconds
Platform modules already initialized, skipping
Refreshing native plugins compatible for Editor in 0.95 ms, found 3 plugins.
Preloading 0 native plugins for Editor in 0.00 ms.
Unloading 2176 Unused Serialized files (Serialized files now loaded: 0)
System memory in use before: 95.1 MB.
System memory in use after: 95.2 MB.

Unloading 17 unused Assets to reduce memory usage. Loaded Objects now: 2630.
Total: 4.118100 ms (FindLiveObjects: 0.663900 ms CreateObjectMapping: 0.576800 ms MarkObjects: 2.851000 ms  DeleteObjects: 0.024900 ms)

========================================================================
Received Prepare
Registering precompiled user dll's ...
Registered in 0.009251 seconds.
Begin MonoManager ReloadAssembly
Native extension for WindowsStandalone target not found
Refreshing native plugins compatible for Editor in 0.66 ms, found 3 plugins.
Preloading 0 native plugins for Editor in 0.00 ms.
Invoked RoslynAnalysisRunner static constructor.
RoslynAnalysisRunner will not be running.
RoslynAnalysisRunner has terminated.
Mono: successfully reloaded assembly
- Completed reload, in  1.558 seconds
Platform modules already initialized, skipping
Refreshing native plugins compatible for Editor in 0.61 ms, found 3 plugins.
Preloading 0 native plugins for Editor in 0.00 ms.
Unloading 2176 Unused Serialized files (Serialized files now loaded: 0)
System memory in use before: 95.1 MB.
System memory in use after: 95.2 MB.

Unloading 17 unused Assets to reduce memory usage. Loaded Objects now: 2632.
Total: 3.603100 ms (FindLiveObjects: 0.249500 ms CreateObjectMapping: 0.111200 ms MarkObjects: 3.215800 ms  DeleteObjects: 0.025400 ms)

========================================================================
Received Prepare
Registering precompiled user dll's ...
Registered in 0.008293 seconds.
Begin MonoManager ReloadAssembly
Native extension for WindowsStandalone target not found
Refreshing native plugins compatible for Editor in 0.66 ms, found 3 plugins.
Preloading 0 native plugins for Editor in 0.00 ms.
Invoked RoslynAnalysisRunner static constructor.
RoslynAnalysisRunner will not be running.
RoslynAnalysisRunner has terminated.
Mono: successfully reloaded assembly
- Completed reload, in  1.532 seconds
Platform modules already initialized, skipping
Refreshing native plugins compatible for Editor in 0.64 ms, found 3 plugins.
Preloading 0 native plugins for Editor in 0.00 ms.
Unloading 2176 Unused Serialized files (Serialized files now loaded: 0)
System memory in use before: 95.1 MB.
System memory in use after: 95.2 MB.

Unloading 17 unused Assets to reduce memory usage. Loaded Objects now: 2634.
Total: 3.011700 ms (FindLiveObjects: 0.239400 ms CreateObjectMapping: 0.115900 ms MarkObjects: 2.630000 ms  DeleteObjects: 0.024800 ms)

========================================================================
Received Prepare
Registering precompiled user dll's ...
Registered in 0.010602 seconds.
Begin MonoManager ReloadAssembly
Native extension for WindowsStandalone target not found
Refreshing native plugins compatible for Editor in 0.52 ms, found 3 plugins.
Preloading 0 native plugins for Editor in 0.00 ms.
Invoked RoslynAnalysisRunner static constructor.
RoslynAnalysisRunner will not be running.
RoslynAnalysisRunner has terminated.
Mono: successfully reloaded assembly
- Completed reload, in  1.537 seconds
Platform modules already initialized, skipping
Refreshing native plugins compatible for Editor in 0.85 ms, found 3 plugins.
Preloading 0 native plugins for Editor in 0.00 ms.
Unloading 2176 Unused Serialized files (Serialized files now loaded: 0)
System memory in use before: 95.1 MB.
System memory in use after: 95.3 MB.

Unloading 17 unused Assets to reduce memory usage. Loaded Objects now: 2636.
Total: 3.449600 ms (FindLiveObjects: 0.263400 ms CreateObjectMapping: 0.193200 ms MarkObjects: 2.966300 ms  DeleteObjects: 0.025000 ms)

========================================================================
Received Import Request.
  Time since last request: 315.169279 seconds.
  path: Assets/Scenes 1/Interfaz.unity
  artifactKey: Guid(36065802068b1c54fb8164f42735169a) Importer(815301076,1909f56bfc062723c751e8b465ee728b)
Start importing Assets/Scenes 1/Interfaz.unity using Guid(36065802068b1c54fb8164f42735169a) Importer(815301076,1909f56bfc062723c751e8b465ee728b)  -> (artifact id: 'adcd2cefa624da1a7f0c2d1ae792d78b') in 0.023129 seconds
  Import took 0.027635 seconds .

========================================================================
Received Prepare
Registering precompiled user dll's ...
Registered in 0.010141 seconds.
Begin MonoManager ReloadAssembly
Native extension for WindowsStandalone target not found
Refreshing native plugins compatible for Editor in 0.66 ms, found 3 plugins.
Preloading 0 native plugins for Editor in 0.00 ms.
Invoked RoslynAnalysisRunner static constructor.
RoslynAnalysisRunner will not be running.
RoslynAnalysisRunner has terminated.
Mono: successfully reloaded assembly
- Completed reload, in  1.553 seconds
Platform modules already initialized, skipping
Refreshing native plugins compatible for Editor in 0.67 ms, found 3 plugins.
Preloading 0 native plugins for Editor in 0.00 ms.
Unloading 2176 Unused Serialized files (Serialized files now loaded: 0)
System memory in use before: 95.1 MB.
System memory in use after: 95.3 MB.

Unloading 17 unused Assets to reduce memory usage. Loaded Objects now: 2638.
Total: 5.717600 ms (FindLiveObjects: 0.280600 ms CreateObjectMapping: 0.206200 ms MarkObjects: 5.205600 ms  DeleteObjects: 0.023500 ms)

========================================================================
Received Import Request.
  Time since last request: 39.604174 seconds.
  path: Assets/Sprites/PngItem_5214097.png
  artifactKey: Guid(e7aadc9baee19d746bad8d329c7e7b40) Importer(815301076,1909f56bfc062723c751e8b465ee728b)
Start importing Assets/Sprites/PngItem_5214097.png using Guid(e7aadc9baee19d746bad8d329c7e7b40) Importer(815301076,1909f56bfc062723c751e8b465ee728b)  -> (artifact id: '447fef4064680439ed39cc19d05358a6') in 0.308983 seconds
  Import took 0.315478 seconds .

========================================================================
Received Import Request.
  Time since last request: 0.000270 seconds.
  path: Assets/Sprites/Untitled150_20211123131233.png
  artifactKey: Guid(e900d9e9404145c4093addaa3a88190a) Importer(815301076,1909f56bfc062723c751e8b465ee728b)
Start importing Assets/Sprites/Untitled150_20211123131233.png using Guid(e900d9e9404145c4093addaa3a88190a) Importer(815301076,1909f56bfc062723c751e8b465ee728b)  -> (artifact id: '1ddc3f366aef4303c156b25c9d059ba0') in 0.038342 seconds
  Import took 0.043875 seconds .

========================================================================
Received Import Request.
  Time since last request: 0.000394 seconds.
  path: Assets/Sprites/PngItem_5214097.png
  artifactKey: Guid(e7aadc9baee19d746bad8d329c7e7b40) Importer(815301076,1909f56bfc062723c751e8b465ee728b)
Start importing Assets/Sprites/PngItem_5214097.png using Guid(e7aadc9baee19d746bad8d329c7e7b40) Importer(815301076,1909f56bfc062723c751e8b465ee728b)  -> (artifact id: '447fef4064680439ed39cc19d05358a6') in 0.105628 seconds
  Import took 0.113470 seconds .

========================================================================
Received Prepare
Registering precompiled user dll's ...
Registered in 0.009977 seconds.
Begin MonoManager ReloadAssembly
Native extension for WindowsStandalone target not found
Refreshing native plugins compatible for Editor in 0.85 ms, found 3 plugins.
Preloading 0 native plugins for Editor in 0.00 ms.
Invoked RoslynAnalysisRunner static constructor.
RoslynAnalysisRunner will not be running.
RoslynAnalysisRunner has terminated.
Mono: successfully reloaded assembly
- Completed reload, in  1.516 seconds
Platform modules already initialized, skipping
Refreshing native plugins compatible for Editor in 0.53 ms, found 3 plugins.
Preloading 0 native plugins for Editor in 0.00 ms.
Unloading 2176 Unused Serialized files (Serialized files now loaded: 0)
System memory in use before: 98.1 MB.
System memory in use after: 98.3 MB.

Unloading 17 unused Assets to reduce memory usage. Loaded Objects now: 2683.
Total: 4.018600 ms (FindLiveObjects: 0.212500 ms CreateObjectMapping: 0.096900 ms MarkObjects: 3.685300 ms  DeleteObjects: 0.022500 ms)

========================================================================
Received Prepare
Registering precompiled user dll's ...
Registered in 0.008571 seconds.
Begin MonoManager ReloadAssembly
Native extension for WindowsStandalone target not found
Refreshing native plugins compatible for Editor in 0.70 ms, found 3 plugins.
Preloading 0 native plugins for Editor in 0.00 ms.
Invoked RoslynAnalysisRunner static constructor.
RoslynAnalysisRunner will not be running.
RoslynAnalysisRunner has terminated.
Mono: successfully reloaded assembly
- Completed reload, in  1.526 seconds
Platform modules already initialized, skipping
Refreshing native plugins compatible for Editor in 0.52 ms, found 3 plugins.
Preloading 0 native plugins for Editor in 0.00 ms.
Unloading 2176 Unused Serialized files (Serialized files now loaded: 0)
System memory in use before: 98.1 MB.
System memory in use after: 98.3 MB.

Unloading 17 unused Assets to reduce memory usage. Loaded Objects now: 2685.
Total: 3.108000 ms (FindLiveObjects: 0.309000 ms CreateObjectMapping: 0.123600 ms MarkObjects: 2.650800 ms  DeleteObjects: 0.023000 ms)

